<?xml version="1.0" encoding="UTF-8"?>
<testng-results ignored="0" total="6" passed="6" failed="0" skipped="0">
  <reporter-output>
  </reporter-output>
  <suite started-at="2024-05-28T18:19:58 IST" name="Suite" finished-at="2024-05-28T18:23:20 IST" duration-ms="201965">
    <groups>
    </groups>
    <test started-at="2024-05-28T18:19:58 IST" name="Test1" finished-at="2024-05-28T18:20:41 IST" duration-ms="43129">
      <class name="simpleFormDemo.SimpleFormDemoclass">
        <test-method is-config="true" signature="setup(java.lang.reflect.Method,org.testng.ITestContext)[pri:0, instance:simpleFormDemo.SimpleFormDemoclass@5b03b9fe]" started-at="2024-05-28T18:19:58 IST" name="setup" finished-at="2024-05-28T18:20:29 IST" duration-ms="30903" status="PASS">
          <params>
            <param index="0">
              <value>
                <![CDATA[public void simpleFormDemo.SimpleFormDemoclass.TestScenario1() throws java.lang.InterruptedException]]>
              </value>
            </param>
            <param index="1">
              <value>
                <![CDATA[org.testng.TestRunner@723ca036]]>
              </value>
            </param>
          </params>
          <reporter-output>
          </reporter-output>
        </test-method> <!-- setup -->
        <test-method signature="TestScenario1()[pri:0, instance:simpleFormDemo.SimpleFormDemoclass@5b03b9fe]" started-at="2024-05-28T18:20:29 IST" name="TestScenario1" finished-at="2024-05-28T18:20:40 IST" duration-ms="10591" status="PASS">
          <reporter-output>
          </reporter-output>
        </test-method> <!-- TestScenario1 -->
        <test-method is-config="true" signature="tearDown()[pri:0, instance:simpleFormDemo.SimpleFormDemoclass@5b03b9fe]" started-at="2024-05-28T18:20:40 IST" name="tearDown" finished-at="2024-05-28T18:20:41 IST" duration-ms="1553" status="PASS">
          <reporter-output>
          </reporter-output>
        </test-method> <!-- tearDown -->
      </class> <!-- simpleFormDemo.SimpleFormDemoclass -->
    </test> <!-- Test1 -->
    <test started-at="2024-05-28T18:20:41 IST" name="Test2" finished-at="2024-05-28T18:21:22 IST" duration-ms="41034">
      <class name="simpleFormDemo.SimpleFormDemoclass">
        <test-method is-config="true" signature="setup(java.lang.reflect.Method,org.testng.ITestContext)[pri:0, instance:simpleFormDemo.SimpleFormDemoclass@738dc9b]" started-at="2024-05-28T18:20:41 IST" name="setup" finished-at="2024-05-28T18:21:10 IST" duration-ms="28781" status="PASS">
          <params>
            <param index="0">
              <value>
                <![CDATA[public void simpleFormDemo.SimpleFormDemoclass.TestScenario1() throws java.lang.InterruptedException]]>
              </value>
            </param>
            <param index="1">
              <value>
                <![CDATA[org.testng.TestRunner@25be7b63]]>
              </value>
            </param>
          </params>
          <reporter-output>
          </reporter-output>
        </test-method> <!-- setup -->
        <test-method signature="TestScenario1()[pri:0, instance:simpleFormDemo.SimpleFormDemoclass@738dc9b]" started-at="2024-05-28T18:21:10 IST" name="TestScenario1" finished-at="2024-05-28T18:21:21 IST" duration-ms="10680" status="PASS">
          <reporter-output>
          </reporter-output>
        </test-method> <!-- TestScenario1 -->
        <test-method is-config="true" signature="tearDown()[pri:0, instance:simpleFormDemo.SimpleFormDemoclass@738dc9b]" started-at="2024-05-28T18:21:21 IST" name="tearDown" finished-at="2024-05-28T18:21:22 IST" duration-ms="1560" status="PASS">
          <reporter-output>
          </reporter-output>
        </test-method> <!-- tearDown -->
      </class> <!-- simpleFormDemo.SimpleFormDemoclass -->
    </test> <!-- Test2 -->
    <test started-at="2024-05-28T18:21:23 IST" name="Test3" finished-at="2024-05-28T18:21:55 IST" duration-ms="32551">
      <class name="inputFormSubmit.InputFormSubmitClass">
        <test-method is-config="true" signature="setup(java.lang.reflect.Method,org.testng.ITestContext)[pri:0, instance:inputFormSubmit.InputFormSubmitClass@3646a422]" started-at="2024-05-28T18:21:23 IST" name="setup" finished-at="2024-05-28T18:21:44 IST" duration-ms="21495" status="PASS">
          <params>
            <param index="0">
              <value>
                <![CDATA[public void inputFormSubmit.InputFormSubmitClass.TestScenario3() throws java.lang.InterruptedException]]>
              </value>
            </param>
            <param index="1">
              <value>
                <![CDATA[org.testng.TestRunner@28dcca0c]]>
              </value>
            </param>
          </params>
          <reporter-output>
          </reporter-output>
        </test-method> <!-- setup -->
        <test-method signature="TestScenario3()[pri:0, instance:inputFormSubmit.InputFormSubmitClass@3646a422]" started-at="2024-05-28T18:21:44 IST" name="TestScenario3" finished-at="2024-05-28T18:21:54 IST" duration-ms="9675" status="PASS">
          <reporter-output>
          </reporter-output>
        </test-method> <!-- TestScenario3 -->
        <test-method is-config="true" signature="tearDown()[pri:0, instance:inputFormSubmit.InputFormSubmitClass@3646a422]" started-at="2024-05-28T18:21:54 IST" name="tearDown" finished-at="2024-05-28T18:21:55 IST" duration-ms="1373" status="PASS">
          <reporter-output>
          </reporter-output>
        </test-method> <!-- tearDown -->
      </class> <!-- inputFormSubmit.InputFormSubmitClass -->
    </test> <!-- Test3 -->
    <test started-at="2024-05-28T18:21:55 IST" name="Test4" finished-at="2024-05-28T18:22:27 IST" duration-ms="32366">
      <class name="inputFormSubmit.InputFormSubmitClass">
        <test-method is-config="true" signature="setup(java.lang.reflect.Method,org.testng.ITestContext)[pri:0, instance:inputFormSubmit.InputFormSubmitClass@298a5e20]" started-at="2024-05-28T18:21:55 IST" name="setup" finished-at="2024-05-28T18:22:16 IST" duration-ms="21246" status="PASS">
          <params>
            <param index="0">
              <value>
                <![CDATA[public void inputFormSubmit.InputFormSubmitClass.TestScenario3() throws java.lang.InterruptedException]]>
              </value>
            </param>
            <param index="1">
              <value>
                <![CDATA[org.testng.TestRunner@45d84a20]]>
              </value>
            </param>
          </params>
          <reporter-output>
          </reporter-output>
        </test-method> <!-- setup -->
        <test-method signature="TestScenario3()[pri:0, instance:inputFormSubmit.InputFormSubmitClass@298a5e20]" started-at="2024-05-28T18:22:16 IST" name="TestScenario3" finished-at="2024-05-28T18:22:26 IST" duration-ms="9755" status="PASS">
          <reporter-output>
          </reporter-output>
        </test-method> <!-- TestScenario3 -->
        <test-method is-config="true" signature="tearDown()[pri:0, instance:inputFormSubmit.InputFormSubmitClass@298a5e20]" started-at="2024-05-28T18:22:26 IST" name="tearDown" finished-at="2024-05-28T18:22:27 IST" duration-ms="1352" status="PASS">
          <reporter-output>
          </reporter-output>
        </test-method> <!-- tearDown -->
      </class> <!-- inputFormSubmit.InputFormSubmitClass -->
    </test> <!-- Test4 -->
    <test started-at="2024-05-28T18:22:27 IST" name="Test5" finished-at="2024-05-28T18:22:41 IST" duration-ms="13249">
      <class name="dragAndDropSliders.DragAndDropSlidersClass">
        <test-method is-config="true" signature="setup(java.lang.reflect.Method,org.testng.ITestContext)[pri:0, instance:dragAndDropSliders.DragAndDropSlidersClass@6d4d66d2]" started-at="2024-05-28T18:22:27 IST" name="setup" finished-at="2024-05-28T18:22:30 IST" duration-ms="2278" status="PASS">
          <params>
            <param index="0">
              <value>
                <![CDATA[public void dragAndDropSliders.DragAndDropSlidersClass.TestScenario2() throws java.lang.InterruptedException]]>
              </value>
            </param>
            <param index="1">
              <value>
                <![CDATA[org.testng.TestRunner@52f27fbd]]>
              </value>
            </param>
          </params>
          <reporter-output>
          </reporter-output>
        </test-method> <!-- setup -->
        <test-method signature="TestScenario2()[pri:0, instance:dragAndDropSliders.DragAndDropSlidersClass@6d4d66d2]" started-at="2024-05-28T18:22:30 IST" name="TestScenario2" finished-at="2024-05-28T18:22:39 IST" duration-ms="9612" status="PASS">
          <reporter-output>
          </reporter-output>
        </test-method> <!-- TestScenario2 -->
        <test-method is-config="true" signature="tearDown()[pri:0, instance:dragAndDropSliders.DragAndDropSlidersClass@6d4d66d2]" started-at="2024-05-28T18:22:39 IST" name="tearDown" finished-at="2024-05-28T18:22:41 IST" duration-ms="1349" status="PASS">
          <reporter-output>
          </reporter-output>
        </test-method> <!-- tearDown -->
      </class> <!-- dragAndDropSliders.DragAndDropSlidersClass -->
    </test> <!-- Test5 -->
    <test started-at="2024-05-28T18:22:41 IST" name="Test6" finished-at="2024-05-28T18:23:20 IST" duration-ms="39511">
      <class name="dragAndDropSliders.DragAndDropSlidersClass">
        <test-method is-config="true" signature="setup(java.lang.reflect.Method,org.testng.ITestContext)[pri:0, instance:dragAndDropSliders.DragAndDropSlidersClass@76a4ebf2]" started-at="2024-05-28T18:22:41 IST" name="setup" finished-at="2024-05-28T18:23:10 IST" duration-ms="29531" status="PASS">
          <params>
            <param index="0">
              <value>
                <![CDATA[public void dragAndDropSliders.DragAndDropSlidersClass.TestScenario2() throws java.lang.InterruptedException]]>
              </value>
            </param>
            <param index="1">
              <value>
                <![CDATA[org.testng.TestRunner@4c163e3]]>
              </value>
            </param>
          </params>
          <reporter-output>
          </reporter-output>
        </test-method> <!-- setup -->
        <test-method signature="TestScenario2()[pri:0, instance:dragAndDropSliders.DragAndDropSlidersClass@76a4ebf2]" started-at="2024-05-28T18:23:10 IST" name="TestScenario2" finished-at="2024-05-28T18:23:19 IST" duration-ms="8321" status="PASS">
          <reporter-output>
          </reporter-output>
        </test-method> <!-- TestScenario2 -->
        <test-method is-config="true" signature="tearDown()[pri:0, instance:dragAndDropSliders.DragAndDropSlidersClass@76a4ebf2]" started-at="2024-05-28T18:23:19 IST" name="tearDown" finished-at="2024-05-28T18:23:20 IST" duration-ms="1653" status="PASS">
          <reporter-output>
          </reporter-output>
        </test-method> <!-- tearDown -->
      </class> <!-- dragAndDropSliders.DragAndDropSlidersClass -->
    </test> <!-- Test6 -->
  </suite> <!-- Suite -->
</testng-results>
